<?xml version="1.0" encoding="UTF-8"?>
<!-- Generated by org.testng.reporters.JUnitReportReporter -->
<testsuite hostname="LTIN407337" failures="0" tests="4" name="LoginTestCase.Login" time="23.274" errors="0" timestamp="2022-12-09T14:41:01 IST" skipped="0">
  <testcase classname="LoginTestCase.Login" name="login" time="4.563"/>
  <system-out/>
  <testcase classname="LoginTestCase.Login" name="login" time="8.924"/>
  <system-out/>
  <testcase classname="LoginTestCase.Login" name="login" time="4.993"/>
  <system-out/>
  <testcase classname="LoginTestCase.Login" name="login" time="4.794"/>
  <system-out/>
</testsuite> <!-- LoginTestCase.Login -->
