<?xml version="1.0" encoding="UTF-8"?>
<!-- Generated by org.testng.reporters.JUnitReportReporter -->
<testsuite hostname="LTIN407337" failures="0" tests="4" name="testNG.DriveAcar" time="0.011" errors="0" timestamp="2022-12-09T12:55:56 IST" skipped="0">
  <testcase classname="testNG.DriveAcar" name="startcar" time="0.008"/>
  <system-out/>
  <testcase classname="testNG.DriveAcar" name="putfirstgear" time="0.001"/>
  <system-out/>
  <testcase classname="testNG.DriveAcar" name="secondgear" time="0.001"/>
  <system-out/>
  <testcase classname="testNG.DriveAcar" name="thirdgear" time="0.001"/>
  <system-out/>
</testsuite> <!-- testNG.DriveAcar -->
